Created by PLY version 3.11 (http://www.dabeaz.com/ply)

Grammar

Rule 0     S' -> expr
Rule 1     expr -> ID
Rule 2     expr -> NAT
Rule 3     expr -> IF ( expr ) THEN expr ELSE expr
Rule 4     expr -> ( expr )
Rule 5     expr -> ( expr ) expr
Rule 6     expr -> REC ID . LAMBDA ( ID . expr ) expr
Rule 7     expr -> LAMBDA ( ID . expr )
Rule 8     expr -> REC ID . LAMBDA ( ID . expr )
Rule 9     expr -> expr PLUS expr
Rule 10    expr -> expr MINUS expr
Rule 11    expr -> expr TIMES expr
Rule 12    expr -> expr DIVIDE expr
Rule 13    expr -> expr MOD expr
Rule 14    expr -> expr LT expr
Rule 15    expr -> expr LE expr
Rule 16    expr -> expr GT expr
Rule 17    expr -> expr GE expr
Rule 18    expr -> expr EQ expr
Rule 19    expr -> expr NEQ expr
Rule 20    expr -> MINUS expr
Rule 21    expr -> PLUS expr

Terminals, with rules where they appear

(                    : 3 4 5 6 7 8
)                    : 3 4 5 6 7 8
.                    : 6 6 7 8 8
DIVIDE               : 12
ELSE                 : 3
EQ                   : 18
GE                   : 17
GT                   : 16
ID                   : 1 6 6 7 8 8
IF                   : 3
LAMBDA               : 6 7 8
LE                   : 15
LT                   : 14
MINUS                : 10 20
MOD                  : 13
NAT                  : 2
NEQ                  : 19
PLUS                 : 9 21
REC                  : 6 8
THEN                 : 3
TIMES                : 11
error                : 

Nonterminals, with rules where they appear

expr                 : 3 3 3 4 5 5 6 6 7 8 9 9 10 10 11 11 12 12 13 13 14 14 15 15 16 16 17 17 18 18 19 19 20 21 0

Parsing method: LALR

state 0

    (0) S' -> . expr
    (1) expr -> . ID
    (2) expr -> . NAT
    (3) expr -> . IF ( expr ) THEN expr ELSE expr
    (4) expr -> . ( expr )
    (5) expr -> . ( expr ) expr
    (6) expr -> . REC ID . LAMBDA ( ID . expr ) expr
    (7) expr -> . LAMBDA ( ID . expr )
    (8) expr -> . REC ID . LAMBDA ( ID . expr )
    (9) expr -> . expr PLUS expr
    (10) expr -> . expr MINUS expr
    (11) expr -> . expr TIMES expr
    (12) expr -> . expr DIVIDE expr
    (13) expr -> . expr MOD expr
    (14) expr -> . expr LT expr
    (15) expr -> . expr LE expr
    (16) expr -> . expr GT expr
    (17) expr -> . expr GE expr
    (18) expr -> . expr EQ expr
    (19) expr -> . expr NEQ expr
    (20) expr -> . MINUS expr
    (21) expr -> . PLUS expr

    ID              shift and go to state 2
    NAT             shift and go to state 3
    IF              shift and go to state 4
    (               shift and go to state 5
    REC             shift and go to state 6
    LAMBDA          shift and go to state 7
    MINUS           shift and go to state 9
    PLUS            shift and go to state 8

    expr                           shift and go to state 1

state 1

    (0) S' -> expr .
    (9) expr -> expr . PLUS expr
    (10) expr -> expr . MINUS expr
    (11) expr -> expr . TIMES expr
    (12) expr -> expr . DIVIDE expr
    (13) expr -> expr . MOD expr
    (14) expr -> expr . LT expr
    (15) expr -> expr . LE expr
    (16) expr -> expr . GT expr
    (17) expr -> expr . GE expr
    (18) expr -> expr . EQ expr
    (19) expr -> expr . NEQ expr

    PLUS            shift and go to state 10
    MINUS           shift and go to state 11
    TIMES           shift and go to state 12
    DIVIDE          shift and go to state 13
    MOD             shift and go to state 14
    LT              shift and go to state 15
    LE              shift and go to state 16
    GT              shift and go to state 17
    GE              shift and go to state 18
    EQ              shift and go to state 19
    NEQ             shift and go to state 20


state 2

    (1) expr -> ID .

    PLUS            reduce using rule 1 (expr -> ID .)
    MINUS           reduce using rule 1 (expr -> ID .)
    TIMES           reduce using rule 1 (expr -> ID .)
    DIVIDE          reduce using rule 1 (expr -> ID .)
    MOD             reduce using rule 1 (expr -> ID .)
    LT              reduce using rule 1 (expr -> ID .)
    LE              reduce using rule 1 (expr -> ID .)
    GT              reduce using rule 1 (expr -> ID .)
    GE              reduce using rule 1 (expr -> ID .)
    EQ              reduce using rule 1 (expr -> ID .)
    NEQ             reduce using rule 1 (expr -> ID .)
    $end            reduce using rule 1 (expr -> ID .)
    )               reduce using rule 1 (expr -> ID .)
    ELSE            reduce using rule 1 (expr -> ID .)


state 3

    (2) expr -> NAT .

    PLUS            reduce using rule 2 (expr -> NAT .)
    MINUS           reduce using rule 2 (expr -> NAT .)
    TIMES           reduce using rule 2 (expr -> NAT .)
    DIVIDE          reduce using rule 2 (expr -> NAT .)
    MOD             reduce using rule 2 (expr -> NAT .)
    LT              reduce using rule 2 (expr -> NAT .)
    LE              reduce using rule 2 (expr -> NAT .)
    GT              reduce using rule 2 (expr -> NAT .)
    GE              reduce using rule 2 (expr -> NAT .)
    EQ              reduce using rule 2 (expr -> NAT .)
    NEQ             reduce using rule 2 (expr -> NAT .)
    $end            reduce using rule 2 (expr -> NAT .)
    )               reduce using rule 2 (expr -> NAT .)
    ELSE            reduce using rule 2 (expr -> NAT .)


state 4

    (3) expr -> IF . ( expr ) THEN expr ELSE expr

    (               shift and go to state 21


state 5

    (4) expr -> ( . expr )
    (5) expr -> ( . expr ) expr
    (1) expr -> . ID
    (2) expr -> . NAT
    (3) expr -> . IF ( expr ) THEN expr ELSE expr
    (4) expr -> . ( expr )
    (5) expr -> . ( expr ) expr
    (6) expr -> . REC ID . LAMBDA ( ID . expr ) expr
    (7) expr -> . LAMBDA ( ID . expr )
    (8) expr -> . REC ID . LAMBDA ( ID . expr )
    (9) expr -> . expr PLUS expr
    (10) expr -> . expr MINUS expr
    (11) expr -> . expr TIMES expr
    (12) expr -> . expr DIVIDE expr
    (13) expr -> . expr MOD expr
    (14) expr -> . expr LT expr
    (15) expr -> . expr LE expr
    (16) expr -> . expr GT expr
    (17) expr -> . expr GE expr
    (18) expr -> . expr EQ expr
    (19) expr -> . expr NEQ expr
    (20) expr -> . MINUS expr
    (21) expr -> . PLUS expr

    ID              shift and go to state 2
    NAT             shift and go to state 3
    IF              shift and go to state 4
    (               shift and go to state 5
    REC             shift and go to state 6
    LAMBDA          shift and go to state 7
    MINUS           shift and go to state 9
    PLUS            shift and go to state 8

    expr                           shift and go to state 22

state 6

    (6) expr -> REC . ID . LAMBDA ( ID . expr ) expr
    (8) expr -> REC . ID . LAMBDA ( ID . expr )

    ID              shift and go to state 23


state 7

    (7) expr -> LAMBDA . ( ID . expr )

    (               shift and go to state 24


state 8

    (21) expr -> PLUS . expr
    (1) expr -> . ID
    (2) expr -> . NAT
    (3) expr -> . IF ( expr ) THEN expr ELSE expr
    (4) expr -> . ( expr )
    (5) expr -> . ( expr ) expr
    (6) expr -> . REC ID . LAMBDA ( ID . expr ) expr
    (7) expr -> . LAMBDA ( ID . expr )
    (8) expr -> . REC ID . LAMBDA ( ID . expr )
    (9) expr -> . expr PLUS expr
    (10) expr -> . expr MINUS expr
    (11) expr -> . expr TIMES expr
    (12) expr -> . expr DIVIDE expr
    (13) expr -> . expr MOD expr
    (14) expr -> . expr LT expr
    (15) expr -> . expr LE expr
    (16) expr -> . expr GT expr
    (17) expr -> . expr GE expr
    (18) expr -> . expr EQ expr
    (19) expr -> . expr NEQ expr
    (20) expr -> . MINUS expr
    (21) expr -> . PLUS expr

    ID              shift and go to state 2
    NAT             shift and go to state 3
    IF              shift and go to state 4
    (               shift and go to state 5
    REC             shift and go to state 6
    LAMBDA          shift and go to state 7
    MINUS           shift and go to state 9
    PLUS            shift and go to state 8

    expr                           shift and go to state 25

state 9

    (20) expr -> MINUS . expr
    (1) expr -> . ID
    (2) expr -> . NAT
    (3) expr -> . IF ( expr ) THEN expr ELSE expr
    (4) expr -> . ( expr )
    (5) expr -> . ( expr ) expr
    (6) expr -> . REC ID . LAMBDA ( ID . expr ) expr
    (7) expr -> . LAMBDA ( ID . expr )
    (8) expr -> . REC ID . LAMBDA ( ID . expr )
    (9) expr -> . expr PLUS expr
    (10) expr -> . expr MINUS expr
    (11) expr -> . expr TIMES expr
    (12) expr -> . expr DIVIDE expr
    (13) expr -> . expr MOD expr
    (14) expr -> . expr LT expr
    (15) expr -> . expr LE expr
    (16) expr -> . expr GT expr
    (17) expr -> . expr GE expr
    (18) expr -> . expr EQ expr
    (19) expr -> . expr NEQ expr
    (20) expr -> . MINUS expr
    (21) expr -> . PLUS expr

    ID              shift and go to state 2
    NAT             shift and go to state 3
    IF              shift and go to state 4
    (               shift and go to state 5
    REC             shift and go to state 6
    LAMBDA          shift and go to state 7
    MINUS           shift and go to state 9
    PLUS            shift and go to state 8

    expr                           shift and go to state 26

state 10

    (9) expr -> expr PLUS . expr
    (1) expr -> . ID
    (2) expr -> . NAT
    (3) expr -> . IF ( expr ) THEN expr ELSE expr
    (4) expr -> . ( expr )
    (5) expr -> . ( expr ) expr
    (6) expr -> . REC ID . LAMBDA ( ID . expr ) expr
    (7) expr -> . LAMBDA ( ID . expr )
    (8) expr -> . REC ID . LAMBDA ( ID . expr )
    (9) expr -> . expr PLUS expr
    (10) expr -> . expr MINUS expr
    (11) expr -> . expr TIMES expr
    (12) expr -> . expr DIVIDE expr
    (13) expr -> . expr MOD expr
    (14) expr -> . expr LT expr
    (15) expr -> . expr LE expr
    (16) expr -> . expr GT expr
    (17) expr -> . expr GE expr
    (18) expr -> . expr EQ expr
    (19) expr -> . expr NEQ expr
    (20) expr -> . MINUS expr
    (21) expr -> . PLUS expr

    ID              shift and go to state 2
    NAT             shift and go to state 3
    IF              shift and go to state 4
    (               shift and go to state 5
    REC             shift and go to state 6
    LAMBDA          shift and go to state 7
    MINUS           shift and go to state 9
    PLUS            shift and go to state 8

    expr                           shift and go to state 27

state 11

    (10) expr -> expr MINUS . expr
    (1) expr -> . ID
    (2) expr -> . NAT
    (3) expr -> . IF ( expr ) THEN expr ELSE expr
    (4) expr -> . ( expr )
    (5) expr -> . ( expr ) expr
    (6) expr -> . REC ID . LAMBDA ( ID . expr ) expr
    (7) expr -> . LAMBDA ( ID . expr )
    (8) expr -> . REC ID . LAMBDA ( ID . expr )
    (9) expr -> . expr PLUS expr
    (10) expr -> . expr MINUS expr
    (11) expr -> . expr TIMES expr
    (12) expr -> . expr DIVIDE expr
    (13) expr -> . expr MOD expr
    (14) expr -> . expr LT expr
    (15) expr -> . expr LE expr
    (16) expr -> . expr GT expr
    (17) expr -> . expr GE expr
    (18) expr -> . expr EQ expr
    (19) expr -> . expr NEQ expr
    (20) expr -> . MINUS expr
    (21) expr -> . PLUS expr

    ID              shift and go to state 2
    NAT             shift and go to state 3
    IF              shift and go to state 4
    (               shift and go to state 5
    REC             shift and go to state 6
    LAMBDA          shift and go to state 7
    MINUS           shift and go to state 9
    PLUS            shift and go to state 8

    expr                           shift and go to state 28

state 12

    (11) expr -> expr TIMES . expr
    (1) expr -> . ID
    (2) expr -> . NAT
    (3) expr -> . IF ( expr ) THEN expr ELSE expr
    (4) expr -> . ( expr )
    (5) expr -> . ( expr ) expr
    (6) expr -> . REC ID . LAMBDA ( ID . expr ) expr
    (7) expr -> . LAMBDA ( ID . expr )
    (8) expr -> . REC ID . LAMBDA ( ID . expr )
    (9) expr -> . expr PLUS expr
    (10) expr -> . expr MINUS expr
    (11) expr -> . expr TIMES expr
    (12) expr -> . expr DIVIDE expr
    (13) expr -> . expr MOD expr
    (14) expr -> . expr LT expr
    (15) expr -> . expr LE expr
    (16) expr -> . expr GT expr
    (17) expr -> . expr GE expr
    (18) expr -> . expr EQ expr
    (19) expr -> . expr NEQ expr
    (20) expr -> . MINUS expr
    (21) expr -> . PLUS expr

    ID              shift and go to state 2
    NAT             shift and go to state 3
    IF              shift and go to state 4
    (               shift and go to state 5
    REC             shift and go to state 6
    LAMBDA          shift and go to state 7
    MINUS           shift and go to state 9
    PLUS            shift and go to state 8

    expr                           shift and go to state 29

state 13

    (12) expr -> expr DIVIDE . expr
    (1) expr -> . ID
    (2) expr -> . NAT
    (3) expr -> . IF ( expr ) THEN expr ELSE expr
    (4) expr -> . ( expr )
    (5) expr -> . ( expr ) expr
    (6) expr -> . REC ID . LAMBDA ( ID . expr ) expr
    (7) expr -> . LAMBDA ( ID . expr )
    (8) expr -> . REC ID . LAMBDA ( ID . expr )
    (9) expr -> . expr PLUS expr
    (10) expr -> . expr MINUS expr
    (11) expr -> . expr TIMES expr
    (12) expr -> . expr DIVIDE expr
    (13) expr -> . expr MOD expr
    (14) expr -> . expr LT expr
    (15) expr -> . expr LE expr
    (16) expr -> . expr GT expr
    (17) expr -> . expr GE expr
    (18) expr -> . expr EQ expr
    (19) expr -> . expr NEQ expr
    (20) expr -> . MINUS expr
    (21) expr -> . PLUS expr

    ID              shift and go to state 2
    NAT             shift and go to state 3
    IF              shift and go to state 4
    (               shift and go to state 5
    REC             shift and go to state 6
    LAMBDA          shift and go to state 7
    MINUS           shift and go to state 9
    PLUS            shift and go to state 8

    expr                           shift and go to state 30

state 14

    (13) expr -> expr MOD . expr
    (1) expr -> . ID
    (2) expr -> . NAT
    (3) expr -> . IF ( expr ) THEN expr ELSE expr
    (4) expr -> . ( expr )
    (5) expr -> . ( expr ) expr
    (6) expr -> . REC ID . LAMBDA ( ID . expr ) expr
    (7) expr -> . LAMBDA ( ID . expr )
    (8) expr -> . REC ID . LAMBDA ( ID . expr )
    (9) expr -> . expr PLUS expr
    (10) expr -> . expr MINUS expr
    (11) expr -> . expr TIMES expr
    (12) expr -> . expr DIVIDE expr
    (13) expr -> . expr MOD expr
    (14) expr -> . expr LT expr
    (15) expr -> . expr LE expr
    (16) expr -> . expr GT expr
    (17) expr -> . expr GE expr
    (18) expr -> . expr EQ expr
    (19) expr -> . expr NEQ expr
    (20) expr -> . MINUS expr
    (21) expr -> . PLUS expr

    ID              shift and go to state 2
    NAT             shift and go to state 3
    IF              shift and go to state 4
    (               shift and go to state 5
    REC             shift and go to state 6
    LAMBDA          shift and go to state 7
    MINUS           shift and go to state 9
    PLUS            shift and go to state 8

    expr                           shift and go to state 31

state 15

    (14) expr -> expr LT . expr
    (1) expr -> . ID
    (2) expr -> . NAT
    (3) expr -> . IF ( expr ) THEN expr ELSE expr
    (4) expr -> . ( expr )
    (5) expr -> . ( expr ) expr
    (6) expr -> . REC ID . LAMBDA ( ID . expr ) expr
    (7) expr -> . LAMBDA ( ID . expr )
    (8) expr -> . REC ID . LAMBDA ( ID . expr )
    (9) expr -> . expr PLUS expr
    (10) expr -> . expr MINUS expr
    (11) expr -> . expr TIMES expr
    (12) expr -> . expr DIVIDE expr
    (13) expr -> . expr MOD expr
    (14) expr -> . expr LT expr
    (15) expr -> . expr LE expr
    (16) expr -> . expr GT expr
    (17) expr -> . expr GE expr
    (18) expr -> . expr EQ expr
    (19) expr -> . expr NEQ expr
    (20) expr -> . MINUS expr
    (21) expr -> . PLUS expr

    ID              shift and go to state 2
    NAT             shift and go to state 3
    IF              shift and go to state 4
    (               shift and go to state 5
    REC             shift and go to state 6
    LAMBDA          shift and go to state 7
    MINUS           shift and go to state 9
    PLUS            shift and go to state 8

    expr                           shift and go to state 32

state 16

    (15) expr -> expr LE . expr
    (1) expr -> . ID
    (2) expr -> . NAT
    (3) expr -> . IF ( expr ) THEN expr ELSE expr
    (4) expr -> . ( expr )
    (5) expr -> . ( expr ) expr
    (6) expr -> . REC ID . LAMBDA ( ID . expr ) expr
    (7) expr -> . LAMBDA ( ID . expr )
    (8) expr -> . REC ID . LAMBDA ( ID . expr )
    (9) expr -> . expr PLUS expr
    (10) expr -> . expr MINUS expr
    (11) expr -> . expr TIMES expr
    (12) expr -> . expr DIVIDE expr
    (13) expr -> . expr MOD expr
    (14) expr -> . expr LT expr
    (15) expr -> . expr LE expr
    (16) expr -> . expr GT expr
    (17) expr -> . expr GE expr
    (18) expr -> . expr EQ expr
    (19) expr -> . expr NEQ expr
    (20) expr -> . MINUS expr
    (21) expr -> . PLUS expr

    ID              shift and go to state 2
    NAT             shift and go to state 3
    IF              shift and go to state 4
    (               shift and go to state 5
    REC             shift and go to state 6
    LAMBDA          shift and go to state 7
    MINUS           shift and go to state 9
    PLUS            shift and go to state 8

    expr                           shift and go to state 33

state 17

    (16) expr -> expr GT . expr
    (1) expr -> . ID
    (2) expr -> . NAT
    (3) expr -> . IF ( expr ) THEN expr ELSE expr
    (4) expr -> . ( expr )
    (5) expr -> . ( expr ) expr
    (6) expr -> . REC ID . LAMBDA ( ID . expr ) expr
    (7) expr -> . LAMBDA ( ID . expr )
    (8) expr -> . REC ID . LAMBDA ( ID . expr )
    (9) expr -> . expr PLUS expr
    (10) expr -> . expr MINUS expr
    (11) expr -> . expr TIMES expr
    (12) expr -> . expr DIVIDE expr
    (13) expr -> . expr MOD expr
    (14) expr -> . expr LT expr
    (15) expr -> . expr LE expr
    (16) expr -> . expr GT expr
    (17) expr -> . expr GE expr
    (18) expr -> . expr EQ expr
    (19) expr -> . expr NEQ expr
    (20) expr -> . MINUS expr
    (21) expr -> . PLUS expr

    ID              shift and go to state 2
    NAT             shift and go to state 3
    IF              shift and go to state 4
    (               shift and go to state 5
    REC             shift and go to state 6
    LAMBDA          shift and go to state 7
    MINUS           shift and go to state 9
    PLUS            shift and go to state 8

    expr                           shift and go to state 34

state 18

    (17) expr -> expr GE . expr
    (1) expr -> . ID
    (2) expr -> . NAT
    (3) expr -> . IF ( expr ) THEN expr ELSE expr
    (4) expr -> . ( expr )
    (5) expr -> . ( expr ) expr
    (6) expr -> . REC ID . LAMBDA ( ID . expr ) expr
    (7) expr -> . LAMBDA ( ID . expr )
    (8) expr -> . REC ID . LAMBDA ( ID . expr )
    (9) expr -> . expr PLUS expr
    (10) expr -> . expr MINUS expr
    (11) expr -> . expr TIMES expr
    (12) expr -> . expr DIVIDE expr
    (13) expr -> . expr MOD expr
    (14) expr -> . expr LT expr
    (15) expr -> . expr LE expr
    (16) expr -> . expr GT expr
    (17) expr -> . expr GE expr
    (18) expr -> . expr EQ expr
    (19) expr -> . expr NEQ expr
    (20) expr -> . MINUS expr
    (21) expr -> . PLUS expr

    ID              shift and go to state 2
    NAT             shift and go to state 3
    IF              shift and go to state 4
    (               shift and go to state 5
    REC             shift and go to state 6
    LAMBDA          shift and go to state 7
    MINUS           shift and go to state 9
    PLUS            shift and go to state 8

    expr                           shift and go to state 35

state 19

    (18) expr -> expr EQ . expr
    (1) expr -> . ID
    (2) expr -> . NAT
    (3) expr -> . IF ( expr ) THEN expr ELSE expr
    (4) expr -> . ( expr )
    (5) expr -> . ( expr ) expr
    (6) expr -> . REC ID . LAMBDA ( ID . expr ) expr
    (7) expr -> . LAMBDA ( ID . expr )
    (8) expr -> . REC ID . LAMBDA ( ID . expr )
    (9) expr -> . expr PLUS expr
    (10) expr -> . expr MINUS expr
    (11) expr -> . expr TIMES expr
    (12) expr -> . expr DIVIDE expr
    (13) expr -> . expr MOD expr
    (14) expr -> . expr LT expr
    (15) expr -> . expr LE expr
    (16) expr -> . expr GT expr
    (17) expr -> . expr GE expr
    (18) expr -> . expr EQ expr
    (19) expr -> . expr NEQ expr
    (20) expr -> . MINUS expr
    (21) expr -> . PLUS expr

    ID              shift and go to state 2
    NAT             shift and go to state 3
    IF              shift and go to state 4
    (               shift and go to state 5
    REC             shift and go to state 6
    LAMBDA          shift and go to state 7
    MINUS           shift and go to state 9
    PLUS            shift and go to state 8

    expr                           shift and go to state 36

state 20

    (19) expr -> expr NEQ . expr
    (1) expr -> . ID
    (2) expr -> . NAT
    (3) expr -> . IF ( expr ) THEN expr ELSE expr
    (4) expr -> . ( expr )
    (5) expr -> . ( expr ) expr
    (6) expr -> . REC ID . LAMBDA ( ID . expr ) expr
    (7) expr -> . LAMBDA ( ID . expr )
    (8) expr -> . REC ID . LAMBDA ( ID . expr )
    (9) expr -> . expr PLUS expr
    (10) expr -> . expr MINUS expr
    (11) expr -> . expr TIMES expr
    (12) expr -> . expr DIVIDE expr
    (13) expr -> . expr MOD expr
    (14) expr -> . expr LT expr
    (15) expr -> . expr LE expr
    (16) expr -> . expr GT expr
    (17) expr -> . expr GE expr
    (18) expr -> . expr EQ expr
    (19) expr -> . expr NEQ expr
    (20) expr -> . MINUS expr
    (21) expr -> . PLUS expr

    ID              shift and go to state 2
    NAT             shift and go to state 3
    IF              shift and go to state 4
    (               shift and go to state 5
    REC             shift and go to state 6
    LAMBDA          shift and go to state 7
    MINUS           shift and go to state 9
    PLUS            shift and go to state 8

    expr                           shift and go to state 37

state 21

    (3) expr -> IF ( . expr ) THEN expr ELSE expr
    (1) expr -> . ID
    (2) expr -> . NAT
    (3) expr -> . IF ( expr ) THEN expr ELSE expr
    (4) expr -> . ( expr )
    (5) expr -> . ( expr ) expr
    (6) expr -> . REC ID . LAMBDA ( ID . expr ) expr
    (7) expr -> . LAMBDA ( ID . expr )
    (8) expr -> . REC ID . LAMBDA ( ID . expr )
    (9) expr -> . expr PLUS expr
    (10) expr -> . expr MINUS expr
    (11) expr -> . expr TIMES expr
    (12) expr -> . expr DIVIDE expr
    (13) expr -> . expr MOD expr
    (14) expr -> . expr LT expr
    (15) expr -> . expr LE expr
    (16) expr -> . expr GT expr
    (17) expr -> . expr GE expr
    (18) expr -> . expr EQ expr
    (19) expr -> . expr NEQ expr
    (20) expr -> . MINUS expr
    (21) expr -> . PLUS expr

    ID              shift and go to state 2
    NAT             shift and go to state 3
    IF              shift and go to state 4
    (               shift and go to state 5
    REC             shift and go to state 6
    LAMBDA          shift and go to state 7
    MINUS           shift and go to state 9
    PLUS            shift and go to state 8

    expr                           shift and go to state 38

state 22

    (4) expr -> ( expr . )
    (5) expr -> ( expr . ) expr
    (9) expr -> expr . PLUS expr
    (10) expr -> expr . MINUS expr
    (11) expr -> expr . TIMES expr
    (12) expr -> expr . DIVIDE expr
    (13) expr -> expr . MOD expr
    (14) expr -> expr . LT expr
    (15) expr -> expr . LE expr
    (16) expr -> expr . GT expr
    (17) expr -> expr . GE expr
    (18) expr -> expr . EQ expr
    (19) expr -> expr . NEQ expr

    )               shift and go to state 39
    PLUS            shift and go to state 10
    MINUS           shift and go to state 11
    TIMES           shift and go to state 12
    DIVIDE          shift and go to state 13
    MOD             shift and go to state 14
    LT              shift and go to state 15
    LE              shift and go to state 16
    GT              shift and go to state 17
    GE              shift and go to state 18
    EQ              shift and go to state 19
    NEQ             shift and go to state 20


state 23

    (6) expr -> REC ID . . LAMBDA ( ID . expr ) expr
    (8) expr -> REC ID . . LAMBDA ( ID . expr )

    .               shift and go to state 40


state 24

    (7) expr -> LAMBDA ( . ID . expr )

    ID              shift and go to state 41


state 25

    (21) expr -> PLUS expr .
    (9) expr -> expr . PLUS expr
    (10) expr -> expr . MINUS expr
    (11) expr -> expr . TIMES expr
    (12) expr -> expr . DIVIDE expr
    (13) expr -> expr . MOD expr
    (14) expr -> expr . LT expr
    (15) expr -> expr . LE expr
    (16) expr -> expr . GT expr
    (17) expr -> expr . GE expr
    (18) expr -> expr . EQ expr
    (19) expr -> expr . NEQ expr

    PLUS            reduce using rule 21 (expr -> PLUS expr .)
    MINUS           reduce using rule 21 (expr -> PLUS expr .)
    TIMES           reduce using rule 21 (expr -> PLUS expr .)
    DIVIDE          reduce using rule 21 (expr -> PLUS expr .)
    MOD             reduce using rule 21 (expr -> PLUS expr .)
    LT              reduce using rule 21 (expr -> PLUS expr .)
    LE              reduce using rule 21 (expr -> PLUS expr .)
    GT              reduce using rule 21 (expr -> PLUS expr .)
    GE              reduce using rule 21 (expr -> PLUS expr .)
    EQ              reduce using rule 21 (expr -> PLUS expr .)
    NEQ             reduce using rule 21 (expr -> PLUS expr .)
    $end            reduce using rule 21 (expr -> PLUS expr .)
    )               reduce using rule 21 (expr -> PLUS expr .)
    ELSE            reduce using rule 21 (expr -> PLUS expr .)

  ! PLUS            [ shift and go to state 10 ]
  ! MINUS           [ shift and go to state 11 ]
  ! TIMES           [ shift and go to state 12 ]
  ! DIVIDE          [ shift and go to state 13 ]
  ! MOD             [ shift and go to state 14 ]
  ! LT              [ shift and go to state 15 ]
  ! LE              [ shift and go to state 16 ]
  ! GT              [ shift and go to state 17 ]
  ! GE              [ shift and go to state 18 ]
  ! EQ              [ shift and go to state 19 ]
  ! NEQ             [ shift and go to state 20 ]


state 26

    (20) expr -> MINUS expr .
    (9) expr -> expr . PLUS expr
    (10) expr -> expr . MINUS expr
    (11) expr -> expr . TIMES expr
    (12) expr -> expr . DIVIDE expr
    (13) expr -> expr . MOD expr
    (14) expr -> expr . LT expr
    (15) expr -> expr . LE expr
    (16) expr -> expr . GT expr
    (17) expr -> expr . GE expr
    (18) expr -> expr . EQ expr
    (19) expr -> expr . NEQ expr

    PLUS            reduce using rule 20 (expr -> MINUS expr .)
    MINUS           reduce using rule 20 (expr -> MINUS expr .)
    TIMES           reduce using rule 20 (expr -> MINUS expr .)
    DIVIDE          reduce using rule 20 (expr -> MINUS expr .)
    MOD             reduce using rule 20 (expr -> MINUS expr .)
    LT              reduce using rule 20 (expr -> MINUS expr .)
    LE              reduce using rule 20 (expr -> MINUS expr .)
    GT              reduce using rule 20 (expr -> MINUS expr .)
    GE              reduce using rule 20 (expr -> MINUS expr .)
    EQ              reduce using rule 20 (expr -> MINUS expr .)
    NEQ             reduce using rule 20 (expr -> MINUS expr .)
    $end            reduce using rule 20 (expr -> MINUS expr .)
    )               reduce using rule 20 (expr -> MINUS expr .)
    ELSE            reduce using rule 20 (expr -> MINUS expr .)

  ! PLUS            [ shift and go to state 10 ]
  ! MINUS           [ shift and go to state 11 ]
  ! TIMES           [ shift and go to state 12 ]
  ! DIVIDE          [ shift and go to state 13 ]
  ! MOD             [ shift and go to state 14 ]
  ! LT              [ shift and go to state 15 ]
  ! LE              [ shift and go to state 16 ]
  ! GT              [ shift and go to state 17 ]
  ! GE              [ shift and go to state 18 ]
  ! EQ              [ shift and go to state 19 ]
  ! NEQ             [ shift and go to state 20 ]


state 27

    (9) expr -> expr PLUS expr .
    (9) expr -> expr . PLUS expr
    (10) expr -> expr . MINUS expr
    (11) expr -> expr . TIMES expr
    (12) expr -> expr . DIVIDE expr
    (13) expr -> expr . MOD expr
    (14) expr -> expr . LT expr
    (15) expr -> expr . LE expr
    (16) expr -> expr . GT expr
    (17) expr -> expr . GE expr
    (18) expr -> expr . EQ expr
    (19) expr -> expr . NEQ expr

    PLUS            reduce using rule 9 (expr -> expr PLUS expr .)
    MINUS           reduce using rule 9 (expr -> expr PLUS expr .)
    LT              reduce using rule 9 (expr -> expr PLUS expr .)
    LE              reduce using rule 9 (expr -> expr PLUS expr .)
    GT              reduce using rule 9 (expr -> expr PLUS expr .)
    GE              reduce using rule 9 (expr -> expr PLUS expr .)
    EQ              reduce using rule 9 (expr -> expr PLUS expr .)
    NEQ             reduce using rule 9 (expr -> expr PLUS expr .)
    $end            reduce using rule 9 (expr -> expr PLUS expr .)
    )               reduce using rule 9 (expr -> expr PLUS expr .)
    ELSE            reduce using rule 9 (expr -> expr PLUS expr .)
    TIMES           shift and go to state 12
    DIVIDE          shift and go to state 13
    MOD             shift and go to state 14

  ! TIMES           [ reduce using rule 9 (expr -> expr PLUS expr .) ]
  ! DIVIDE          [ reduce using rule 9 (expr -> expr PLUS expr .) ]
  ! MOD             [ reduce using rule 9 (expr -> expr PLUS expr .) ]
  ! PLUS            [ shift and go to state 10 ]
  ! MINUS           [ shift and go to state 11 ]
  ! LT              [ shift and go to state 15 ]
  ! LE              [ shift and go to state 16 ]
  ! GT              [ shift and go to state 17 ]
  ! GE              [ shift and go to state 18 ]
  ! EQ              [ shift and go to state 19 ]
  ! NEQ             [ shift and go to state 20 ]


state 28

    (10) expr -> expr MINUS expr .
    (9) expr -> expr . PLUS expr
    (10) expr -> expr . MINUS expr
    (11) expr -> expr . TIMES expr
    (12) expr -> expr . DIVIDE expr
    (13) expr -> expr . MOD expr
    (14) expr -> expr . LT expr
    (15) expr -> expr . LE expr
    (16) expr -> expr . GT expr
    (17) expr -> expr . GE expr
    (18) expr -> expr . EQ expr
    (19) expr -> expr . NEQ expr

    PLUS            reduce using rule 10 (expr -> expr MINUS expr .)
    MINUS           reduce using rule 10 (expr -> expr MINUS expr .)
    LT              reduce using rule 10 (expr -> expr MINUS expr .)
    LE              reduce using rule 10 (expr -> expr MINUS expr .)
    GT              reduce using rule 10 (expr -> expr MINUS expr .)
    GE              reduce using rule 10 (expr -> expr MINUS expr .)
    EQ              reduce using rule 10 (expr -> expr MINUS expr .)
    NEQ             reduce using rule 10 (expr -> expr MINUS expr .)
    $end            reduce using rule 10 (expr -> expr MINUS expr .)
    )               reduce using rule 10 (expr -> expr MINUS expr .)
    ELSE            reduce using rule 10 (expr -> expr MINUS expr .)
    TIMES           shift and go to state 12
    DIVIDE          shift and go to state 13
    MOD             shift and go to state 14

  ! TIMES           [ reduce using rule 10 (expr -> expr MINUS expr .) ]
  ! DIVIDE          [ reduce using rule 10 (expr -> expr MINUS expr .) ]
  ! MOD             [ reduce using rule 10 (expr -> expr MINUS expr .) ]
  ! PLUS            [ shift and go to state 10 ]
  ! MINUS           [ shift and go to state 11 ]
  ! LT              [ shift and go to state 15 ]
  ! LE              [ shift and go to state 16 ]
  ! GT              [ shift and go to state 17 ]
  ! GE              [ shift and go to state 18 ]
  ! EQ              [ shift and go to state 19 ]
  ! NEQ             [ shift and go to state 20 ]


state 29

    (11) expr -> expr TIMES expr .
    (9) expr -> expr . PLUS expr
    (10) expr -> expr . MINUS expr
    (11) expr -> expr . TIMES expr
    (12) expr -> expr . DIVIDE expr
    (13) expr -> expr . MOD expr
    (14) expr -> expr . LT expr
    (15) expr -> expr . LE expr
    (16) expr -> expr . GT expr
    (17) expr -> expr . GE expr
    (18) expr -> expr . EQ expr
    (19) expr -> expr . NEQ expr

    PLUS            reduce using rule 11 (expr -> expr TIMES expr .)
    MINUS           reduce using rule 11 (expr -> expr TIMES expr .)
    TIMES           reduce using rule 11 (expr -> expr TIMES expr .)
    DIVIDE          reduce using rule 11 (expr -> expr TIMES expr .)
    MOD             reduce using rule 11 (expr -> expr TIMES expr .)
    LT              reduce using rule 11 (expr -> expr TIMES expr .)
    LE              reduce using rule 11 (expr -> expr TIMES expr .)
    GT              reduce using rule 11 (expr -> expr TIMES expr .)
    GE              reduce using rule 11 (expr -> expr TIMES expr .)
    EQ              reduce using rule 11 (expr -> expr TIMES expr .)
    NEQ             reduce using rule 11 (expr -> expr TIMES expr .)
    $end            reduce using rule 11 (expr -> expr TIMES expr .)
    )               reduce using rule 11 (expr -> expr TIMES expr .)
    ELSE            reduce using rule 11 (expr -> expr TIMES expr .)

  ! PLUS            [ shift and go to state 10 ]
  ! MINUS           [ shift and go to state 11 ]
  ! TIMES           [ shift and go to state 12 ]
  ! DIVIDE          [ shift and go to state 13 ]
  ! MOD             [ shift and go to state 14 ]
  ! LT              [ shift and go to state 15 ]
  ! LE              [ shift and go to state 16 ]
  ! GT              [ shift and go to state 17 ]
  ! GE              [ shift and go to state 18 ]
  ! EQ              [ shift and go to state 19 ]
  ! NEQ             [ shift and go to state 20 ]


state 30

    (12) expr -> expr DIVIDE expr .
    (9) expr -> expr . PLUS expr
    (10) expr -> expr . MINUS expr
    (11) expr -> expr . TIMES expr
    (12) expr -> expr . DIVIDE expr
    (13) expr -> expr . MOD expr
    (14) expr -> expr . LT expr
    (15) expr -> expr . LE expr
    (16) expr -> expr . GT expr
    (17) expr -> expr . GE expr
    (18) expr -> expr . EQ expr
    (19) expr -> expr . NEQ expr

    PLUS            reduce using rule 12 (expr -> expr DIVIDE expr .)
    MINUS           reduce using rule 12 (expr -> expr DIVIDE expr .)
    TIMES           reduce using rule 12 (expr -> expr DIVIDE expr .)
    DIVIDE          reduce using rule 12 (expr -> expr DIVIDE expr .)
    MOD             reduce using rule 12 (expr -> expr DIVIDE expr .)
    LT              reduce using rule 12 (expr -> expr DIVIDE expr .)
    LE              reduce using rule 12 (expr -> expr DIVIDE expr .)
    GT              reduce using rule 12 (expr -> expr DIVIDE expr .)
    GE              reduce using rule 12 (expr -> expr DIVIDE expr .)
    EQ              reduce using rule 12 (expr -> expr DIVIDE expr .)
    NEQ             reduce using rule 12 (expr -> expr DIVIDE expr .)
    $end            reduce using rule 12 (expr -> expr DIVIDE expr .)
    )               reduce using rule 12 (expr -> expr DIVIDE expr .)
    ELSE            reduce using rule 12 (expr -> expr DIVIDE expr .)

  ! PLUS            [ shift and go to state 10 ]
  ! MINUS           [ shift and go to state 11 ]
  ! TIMES           [ shift and go to state 12 ]
  ! DIVIDE          [ shift and go to state 13 ]
  ! MOD             [ shift and go to state 14 ]
  ! LT              [ shift and go to state 15 ]
  ! LE              [ shift and go to state 16 ]
  ! GT              [ shift and go to state 17 ]
  ! GE              [ shift and go to state 18 ]
  ! EQ              [ shift and go to state 19 ]
  ! NEQ             [ shift and go to state 20 ]


state 31

    (13) expr -> expr MOD expr .
    (9) expr -> expr . PLUS expr
    (10) expr -> expr . MINUS expr
    (11) expr -> expr . TIMES expr
    (12) expr -> expr . DIVIDE expr
    (13) expr -> expr . MOD expr
    (14) expr -> expr . LT expr
    (15) expr -> expr . LE expr
    (16) expr -> expr . GT expr
    (17) expr -> expr . GE expr
    (18) expr -> expr . EQ expr
    (19) expr -> expr . NEQ expr

    PLUS            reduce using rule 13 (expr -> expr MOD expr .)
    MINUS           reduce using rule 13 (expr -> expr MOD expr .)
    TIMES           reduce using rule 13 (expr -> expr MOD expr .)
    DIVIDE          reduce using rule 13 (expr -> expr MOD expr .)
    MOD             reduce using rule 13 (expr -> expr MOD expr .)
    LT              reduce using rule 13 (expr -> expr MOD expr .)
    LE              reduce using rule 13 (expr -> expr MOD expr .)
    GT              reduce using rule 13 (expr -> expr MOD expr .)
    GE              reduce using rule 13 (expr -> expr MOD expr .)
    EQ              reduce using rule 13 (expr -> expr MOD expr .)
    NEQ             reduce using rule 13 (expr -> expr MOD expr .)
    $end            reduce using rule 13 (expr -> expr MOD expr .)
    )               reduce using rule 13 (expr -> expr MOD expr .)
    ELSE            reduce using rule 13 (expr -> expr MOD expr .)

  ! PLUS            [ shift and go to state 10 ]
  ! MINUS           [ shift and go to state 11 ]
  ! TIMES           [ shift and go to state 12 ]
  ! DIVIDE          [ shift and go to state 13 ]
  ! MOD             [ shift and go to state 14 ]
  ! LT              [ shift and go to state 15 ]
  ! LE              [ shift and go to state 16 ]
  ! GT              [ shift and go to state 17 ]
  ! GE              [ shift and go to state 18 ]
  ! EQ              [ shift and go to state 19 ]
  ! NEQ             [ shift and go to state 20 ]


state 32

    (14) expr -> expr LT expr .
    (9) expr -> expr . PLUS expr
    (10) expr -> expr . MINUS expr
    (11) expr -> expr . TIMES expr
    (12) expr -> expr . DIVIDE expr
    (13) expr -> expr . MOD expr
    (14) expr -> expr . LT expr
    (15) expr -> expr . LE expr
    (16) expr -> expr . GT expr
    (17) expr -> expr . GE expr
    (18) expr -> expr . EQ expr
    (19) expr -> expr . NEQ expr

    LT              reduce using rule 14 (expr -> expr LT expr .)
    LE              reduce using rule 14 (expr -> expr LT expr .)
    GT              reduce using rule 14 (expr -> expr LT expr .)
    GE              reduce using rule 14 (expr -> expr LT expr .)
    EQ              reduce using rule 14 (expr -> expr LT expr .)
    NEQ             reduce using rule 14 (expr -> expr LT expr .)
    $end            reduce using rule 14 (expr -> expr LT expr .)
    )               reduce using rule 14 (expr -> expr LT expr .)
    ELSE            reduce using rule 14 (expr -> expr LT expr .)
    PLUS            shift and go to state 10
    MINUS           shift and go to state 11
    TIMES           shift and go to state 12
    DIVIDE          shift and go to state 13
    MOD             shift and go to state 14

  ! PLUS            [ reduce using rule 14 (expr -> expr LT expr .) ]
  ! MINUS           [ reduce using rule 14 (expr -> expr LT expr .) ]
  ! TIMES           [ reduce using rule 14 (expr -> expr LT expr .) ]
  ! DIVIDE          [ reduce using rule 14 (expr -> expr LT expr .) ]
  ! MOD             [ reduce using rule 14 (expr -> expr LT expr .) ]
  ! LT              [ shift and go to state 15 ]
  ! LE              [ shift and go to state 16 ]
  ! GT              [ shift and go to state 17 ]
  ! GE              [ shift and go to state 18 ]
  ! EQ              [ shift and go to state 19 ]
  ! NEQ             [ shift and go to state 20 ]


state 33

    (15) expr -> expr LE expr .
    (9) expr -> expr . PLUS expr
    (10) expr -> expr . MINUS expr
    (11) expr -> expr . TIMES expr
    (12) expr -> expr . DIVIDE expr
    (13) expr -> expr . MOD expr
    (14) expr -> expr . LT expr
    (15) expr -> expr . LE expr
    (16) expr -> expr . GT expr
    (17) expr -> expr . GE expr
    (18) expr -> expr . EQ expr
    (19) expr -> expr . NEQ expr

    LT              reduce using rule 15 (expr -> expr LE expr .)
    LE              reduce using rule 15 (expr -> expr LE expr .)
    GT              reduce using rule 15 (expr -> expr LE expr .)
    GE              reduce using rule 15 (expr -> expr LE expr .)
    EQ              reduce using rule 15 (expr -> expr LE expr .)
    NEQ             reduce using rule 15 (expr -> expr LE expr .)
    $end            reduce using rule 15 (expr -> expr LE expr .)
    )               reduce using rule 15 (expr -> expr LE expr .)
    ELSE            reduce using rule 15 (expr -> expr LE expr .)
    PLUS            shift and go to state 10
    MINUS           shift and go to state 11
    TIMES           shift and go to state 12
    DIVIDE          shift and go to state 13
    MOD             shift and go to state 14

  ! PLUS            [ reduce using rule 15 (expr -> expr LE expr .) ]
  ! MINUS           [ reduce using rule 15 (expr -> expr LE expr .) ]
  ! TIMES           [ reduce using rule 15 (expr -> expr LE expr .) ]
  ! DIVIDE          [ reduce using rule 15 (expr -> expr LE expr .) ]
  ! MOD             [ reduce using rule 15 (expr -> expr LE expr .) ]
  ! LT              [ shift and go to state 15 ]
  ! LE              [ shift and go to state 16 ]
  ! GT              [ shift and go to state 17 ]
  ! GE              [ shift and go to state 18 ]
  ! EQ              [ shift and go to state 19 ]
  ! NEQ             [ shift and go to state 20 ]


state 34

    (16) expr -> expr GT expr .
    (9) expr -> expr . PLUS expr
    (10) expr -> expr . MINUS expr
    (11) expr -> expr . TIMES expr
    (12) expr -> expr . DIVIDE expr
    (13) expr -> expr . MOD expr
    (14) expr -> expr . LT expr
    (15) expr -> expr . LE expr
    (16) expr -> expr . GT expr
    (17) expr -> expr . GE expr
    (18) expr -> expr . EQ expr
    (19) expr -> expr . NEQ expr

    LT              reduce using rule 16 (expr -> expr GT expr .)
    LE              reduce using rule 16 (expr -> expr GT expr .)
    GT              reduce using rule 16 (expr -> expr GT expr .)
    GE              reduce using rule 16 (expr -> expr GT expr .)
    EQ              reduce using rule 16 (expr -> expr GT expr .)
    NEQ             reduce using rule 16 (expr -> expr GT expr .)
    $end            reduce using rule 16 (expr -> expr GT expr .)
    )               reduce using rule 16 (expr -> expr GT expr .)
    ELSE            reduce using rule 16 (expr -> expr GT expr .)
    PLUS            shift and go to state 10
    MINUS           shift and go to state 11
    TIMES           shift and go to state 12
    DIVIDE          shift and go to state 13
    MOD             shift and go to state 14

  ! PLUS            [ reduce using rule 16 (expr -> expr GT expr .) ]
  ! MINUS           [ reduce using rule 16 (expr -> expr GT expr .) ]
  ! TIMES           [ reduce using rule 16 (expr -> expr GT expr .) ]
  ! DIVIDE          [ reduce using rule 16 (expr -> expr GT expr .) ]
  ! MOD             [ reduce using rule 16 (expr -> expr GT expr .) ]
  ! LT              [ shift and go to state 15 ]
  ! LE              [ shift and go to state 16 ]
  ! GT              [ shift and go to state 17 ]
  ! GE              [ shift and go to state 18 ]
  ! EQ              [ shift and go to state 19 ]
  ! NEQ             [ shift and go to state 20 ]


state 35

    (17) expr -> expr GE expr .
    (9) expr -> expr . PLUS expr
    (10) expr -> expr . MINUS expr
    (11) expr -> expr . TIMES expr
    (12) expr -> expr . DIVIDE expr
    (13) expr -> expr . MOD expr
    (14) expr -> expr . LT expr
    (15) expr -> expr . LE expr
    (16) expr -> expr . GT expr
    (17) expr -> expr . GE expr
    (18) expr -> expr . EQ expr
    (19) expr -> expr . NEQ expr

    LT              reduce using rule 17 (expr -> expr GE expr .)
    LE              reduce using rule 17 (expr -> expr GE expr .)
    GT              reduce using rule 17 (expr -> expr GE expr .)
    GE              reduce using rule 17 (expr -> expr GE expr .)
    EQ              reduce using rule 17 (expr -> expr GE expr .)
    NEQ             reduce using rule 17 (expr -> expr GE expr .)
    $end            reduce using rule 17 (expr -> expr GE expr .)
    )               reduce using rule 17 (expr -> expr GE expr .)
    ELSE            reduce using rule 17 (expr -> expr GE expr .)
    PLUS            shift and go to state 10
    MINUS           shift and go to state 11
    TIMES           shift and go to state 12
    DIVIDE          shift and go to state 13
    MOD             shift and go to state 14

  ! PLUS            [ reduce using rule 17 (expr -> expr GE expr .) ]
  ! MINUS           [ reduce using rule 17 (expr -> expr GE expr .) ]
  ! TIMES           [ reduce using rule 17 (expr -> expr GE expr .) ]
  ! DIVIDE          [ reduce using rule 17 (expr -> expr GE expr .) ]
  ! MOD             [ reduce using rule 17 (expr -> expr GE expr .) ]
  ! LT              [ shift and go to state 15 ]
  ! LE              [ shift and go to state 16 ]
  ! GT              [ shift and go to state 17 ]
  ! GE              [ shift and go to state 18 ]
  ! EQ              [ shift and go to state 19 ]
  ! NEQ             [ shift and go to state 20 ]


state 36

    (18) expr -> expr EQ expr .
    (9) expr -> expr . PLUS expr
    (10) expr -> expr . MINUS expr
    (11) expr -> expr . TIMES expr
    (12) expr -> expr . DIVIDE expr
    (13) expr -> expr . MOD expr
    (14) expr -> expr . LT expr
    (15) expr -> expr . LE expr
    (16) expr -> expr . GT expr
    (17) expr -> expr . GE expr
    (18) expr -> expr . EQ expr
    (19) expr -> expr . NEQ expr

    LT              reduce using rule 18 (expr -> expr EQ expr .)
    LE              reduce using rule 18 (expr -> expr EQ expr .)
    GT              reduce using rule 18 (expr -> expr EQ expr .)
    GE              reduce using rule 18 (expr -> expr EQ expr .)
    EQ              reduce using rule 18 (expr -> expr EQ expr .)
    NEQ             reduce using rule 18 (expr -> expr EQ expr .)
    $end            reduce using rule 18 (expr -> expr EQ expr .)
    )               reduce using rule 18 (expr -> expr EQ expr .)
    ELSE            reduce using rule 18 (expr -> expr EQ expr .)
    PLUS            shift and go to state 10
    MINUS           shift and go to state 11
    TIMES           shift and go to state 12
    DIVIDE          shift and go to state 13
    MOD             shift and go to state 14

  ! PLUS            [ reduce using rule 18 (expr -> expr EQ expr .) ]
  ! MINUS           [ reduce using rule 18 (expr -> expr EQ expr .) ]
  ! TIMES           [ reduce using rule 18 (expr -> expr EQ expr .) ]
  ! DIVIDE          [ reduce using rule 18 (expr -> expr EQ expr .) ]
  ! MOD             [ reduce using rule 18 (expr -> expr EQ expr .) ]
  ! LT              [ shift and go to state 15 ]
  ! LE              [ shift and go to state 16 ]
  ! GT              [ shift and go to state 17 ]
  ! GE              [ shift and go to state 18 ]
  ! EQ              [ shift and go to state 19 ]
  ! NEQ             [ shift and go to state 20 ]


state 37

    (19) expr -> expr NEQ expr .
    (9) expr -> expr . PLUS expr
    (10) expr -> expr . MINUS expr
    (11) expr -> expr . TIMES expr
    (12) expr -> expr . DIVIDE expr
    (13) expr -> expr . MOD expr
    (14) expr -> expr . LT expr
    (15) expr -> expr . LE expr
    (16) expr -> expr . GT expr
    (17) expr -> expr . GE expr
    (18) expr -> expr . EQ expr
    (19) expr -> expr . NEQ expr

    LT              reduce using rule 19 (expr -> expr NEQ expr .)
    LE              reduce using rule 19 (expr -> expr NEQ expr .)
    GT              reduce using rule 19 (expr -> expr NEQ expr .)
    GE              reduce using rule 19 (expr -> expr NEQ expr .)
    EQ              reduce using rule 19 (expr -> expr NEQ expr .)
    NEQ             reduce using rule 19 (expr -> expr NEQ expr .)
    $end            reduce using rule 19 (expr -> expr NEQ expr .)
    )               reduce using rule 19 (expr -> expr NEQ expr .)
    ELSE            reduce using rule 19 (expr -> expr NEQ expr .)
    PLUS            shift and go to state 10
    MINUS           shift and go to state 11
    TIMES           shift and go to state 12
    DIVIDE          shift and go to state 13
    MOD             shift and go to state 14

  ! PLUS            [ reduce using rule 19 (expr -> expr NEQ expr .) ]
  ! MINUS           [ reduce using rule 19 (expr -> expr NEQ expr .) ]
  ! TIMES           [ reduce using rule 19 (expr -> expr NEQ expr .) ]
  ! DIVIDE          [ reduce using rule 19 (expr -> expr NEQ expr .) ]
  ! MOD             [ reduce using rule 19 (expr -> expr NEQ expr .) ]
  ! LT              [ shift and go to state 15 ]
  ! LE              [ shift and go to state 16 ]
  ! GT              [ shift and go to state 17 ]
  ! GE              [ shift and go to state 18 ]
  ! EQ              [ shift and go to state 19 ]
  ! NEQ             [ shift and go to state 20 ]


state 38

    (3) expr -> IF ( expr . ) THEN expr ELSE expr
    (9) expr -> expr . PLUS expr
    (10) expr -> expr . MINUS expr
    (11) expr -> expr . TIMES expr
    (12) expr -> expr . DIVIDE expr
    (13) expr -> expr . MOD expr
    (14) expr -> expr . LT expr
    (15) expr -> expr . LE expr
    (16) expr -> expr . GT expr
    (17) expr -> expr . GE expr
    (18) expr -> expr . EQ expr
    (19) expr -> expr . NEQ expr

    )               shift and go to state 42
    PLUS            shift and go to state 10
    MINUS           shift and go to state 11
    TIMES           shift and go to state 12
    DIVIDE          shift and go to state 13
    MOD             shift and go to state 14
    LT              shift and go to state 15
    LE              shift and go to state 16
    GT              shift and go to state 17
    GE              shift and go to state 18
    EQ              shift and go to state 19
    NEQ             shift and go to state 20


state 39

    (4) expr -> ( expr ) .
    (5) expr -> ( expr ) . expr
    (1) expr -> . ID
    (2) expr -> . NAT
    (3) expr -> . IF ( expr ) THEN expr ELSE expr
    (4) expr -> . ( expr )
    (5) expr -> . ( expr ) expr
    (6) expr -> . REC ID . LAMBDA ( ID . expr ) expr
    (7) expr -> . LAMBDA ( ID . expr )
    (8) expr -> . REC ID . LAMBDA ( ID . expr )
    (9) expr -> . expr PLUS expr
    (10) expr -> . expr MINUS expr
    (11) expr -> . expr TIMES expr
    (12) expr -> . expr DIVIDE expr
    (13) expr -> . expr MOD expr
    (14) expr -> . expr LT expr
    (15) expr -> . expr LE expr
    (16) expr -> . expr GT expr
    (17) expr -> . expr GE expr
    (18) expr -> . expr EQ expr
    (19) expr -> . expr NEQ expr
    (20) expr -> . MINUS expr
    (21) expr -> . PLUS expr

    PLUS            reduce using rule 4 (expr -> ( expr ) .)
    MINUS           reduce using rule 4 (expr -> ( expr ) .)
    TIMES           reduce using rule 4 (expr -> ( expr ) .)
    DIVIDE          reduce using rule 4 (expr -> ( expr ) .)
    MOD             reduce using rule 4 (expr -> ( expr ) .)
    LT              reduce using rule 4 (expr -> ( expr ) .)
    LE              reduce using rule 4 (expr -> ( expr ) .)
    GT              reduce using rule 4 (expr -> ( expr ) .)
    GE              reduce using rule 4 (expr -> ( expr ) .)
    EQ              reduce using rule 4 (expr -> ( expr ) .)
    NEQ             reduce using rule 4 (expr -> ( expr ) .)
    $end            reduce using rule 4 (expr -> ( expr ) .)
    )               reduce using rule 4 (expr -> ( expr ) .)
    ELSE            reduce using rule 4 (expr -> ( expr ) .)
    ID              shift and go to state 2
    NAT             shift and go to state 3
    IF              shift and go to state 4
    (               shift and go to state 5
    REC             shift and go to state 6
    LAMBDA          shift and go to state 7

  ! MINUS           [ shift and go to state 9 ]
  ! PLUS            [ shift and go to state 8 ]

    expr                           shift and go to state 43

state 40

    (6) expr -> REC ID . . LAMBDA ( ID . expr ) expr
    (8) expr -> REC ID . . LAMBDA ( ID . expr )

    LAMBDA          shift and go to state 44


state 41

    (7) expr -> LAMBDA ( ID . . expr )

    .               shift and go to state 45


state 42

    (3) expr -> IF ( expr ) . THEN expr ELSE expr

    THEN            shift and go to state 46


state 43

    (5) expr -> ( expr ) expr .
    (9) expr -> expr . PLUS expr
    (10) expr -> expr . MINUS expr
    (11) expr -> expr . TIMES expr
    (12) expr -> expr . DIVIDE expr
    (13) expr -> expr . MOD expr
    (14) expr -> expr . LT expr
    (15) expr -> expr . LE expr
    (16) expr -> expr . GT expr
    (17) expr -> expr . GE expr
    (18) expr -> expr . EQ expr
    (19) expr -> expr . NEQ expr

    PLUS            reduce using rule 5 (expr -> ( expr ) expr .)
    MINUS           reduce using rule 5 (expr -> ( expr ) expr .)
    TIMES           reduce using rule 5 (expr -> ( expr ) expr .)
    DIVIDE          reduce using rule 5 (expr -> ( expr ) expr .)
    MOD             reduce using rule 5 (expr -> ( expr ) expr .)
    LT              reduce using rule 5 (expr -> ( expr ) expr .)
    LE              reduce using rule 5 (expr -> ( expr ) expr .)
    GT              reduce using rule 5 (expr -> ( expr ) expr .)
    GE              reduce using rule 5 (expr -> ( expr ) expr .)
    EQ              reduce using rule 5 (expr -> ( expr ) expr .)
    NEQ             reduce using rule 5 (expr -> ( expr ) expr .)
    $end            reduce using rule 5 (expr -> ( expr ) expr .)
    )               reduce using rule 5 (expr -> ( expr ) expr .)
    ELSE            reduce using rule 5 (expr -> ( expr ) expr .)

  ! PLUS            [ shift and go to state 10 ]
  ! MINUS           [ shift and go to state 11 ]
  ! TIMES           [ shift and go to state 12 ]
  ! DIVIDE          [ shift and go to state 13 ]
  ! MOD             [ shift and go to state 14 ]
  ! LT              [ shift and go to state 15 ]
  ! LE              [ shift and go to state 16 ]
  ! GT              [ shift and go to state 17 ]
  ! GE              [ shift and go to state 18 ]
  ! EQ              [ shift and go to state 19 ]
  ! NEQ             [ shift and go to state 20 ]


state 44

    (6) expr -> REC ID . LAMBDA . ( ID . expr ) expr
    (8) expr -> REC ID . LAMBDA . ( ID . expr )

    (               shift and go to state 47


state 45

    (7) expr -> LAMBDA ( ID . . expr )
    (1) expr -> . ID
    (2) expr -> . NAT
    (3) expr -> . IF ( expr ) THEN expr ELSE expr
    (4) expr -> . ( expr )
    (5) expr -> . ( expr ) expr
    (6) expr -> . REC ID . LAMBDA ( ID . expr ) expr
    (7) expr -> . LAMBDA ( ID . expr )
    (8) expr -> . REC ID . LAMBDA ( ID . expr )
    (9) expr -> . expr PLUS expr
    (10) expr -> . expr MINUS expr
    (11) expr -> . expr TIMES expr
    (12) expr -> . expr DIVIDE expr
    (13) expr -> . expr MOD expr
    (14) expr -> . expr LT expr
    (15) expr -> . expr LE expr
    (16) expr -> . expr GT expr
    (17) expr -> . expr GE expr
    (18) expr -> . expr EQ expr
    (19) expr -> . expr NEQ expr
    (20) expr -> . MINUS expr
    (21) expr -> . PLUS expr

    ID              shift and go to state 2
    NAT             shift and go to state 3
    IF              shift and go to state 4
    (               shift and go to state 5
    REC             shift and go to state 6
    LAMBDA          shift and go to state 7
    MINUS           shift and go to state 9
    PLUS            shift and go to state 8

    expr                           shift and go to state 48

state 46

    (3) expr -> IF ( expr ) THEN . expr ELSE expr
    (1) expr -> . ID
    (2) expr -> . NAT
    (3) expr -> . IF ( expr ) THEN expr ELSE expr
    (4) expr -> . ( expr )
    (5) expr -> . ( expr ) expr
    (6) expr -> . REC ID . LAMBDA ( ID . expr ) expr
    (7) expr -> . LAMBDA ( ID . expr )
    (8) expr -> . REC ID . LAMBDA ( ID . expr )
    (9) expr -> . expr PLUS expr
    (10) expr -> . expr MINUS expr
    (11) expr -> . expr TIMES expr
    (12) expr -> . expr DIVIDE expr
    (13) expr -> . expr MOD expr
    (14) expr -> . expr LT expr
    (15) expr -> . expr LE expr
    (16) expr -> . expr GT expr
    (17) expr -> . expr GE expr
    (18) expr -> . expr EQ expr
    (19) expr -> . expr NEQ expr
    (20) expr -> . MINUS expr
    (21) expr -> . PLUS expr

    ID              shift and go to state 2
    NAT             shift and go to state 3
    IF              shift and go to state 4
    (               shift and go to state 5
    REC             shift and go to state 6
    LAMBDA          shift and go to state 7
    MINUS           shift and go to state 9
    PLUS            shift and go to state 8

    expr                           shift and go to state 49

state 47

    (6) expr -> REC ID . LAMBDA ( . ID . expr ) expr
    (8) expr -> REC ID . LAMBDA ( . ID . expr )

    ID              shift and go to state 50


state 48

    (7) expr -> LAMBDA ( ID . expr . )
    (9) expr -> expr . PLUS expr
    (10) expr -> expr . MINUS expr
    (11) expr -> expr . TIMES expr
    (12) expr -> expr . DIVIDE expr
    (13) expr -> expr . MOD expr
    (14) expr -> expr . LT expr
    (15) expr -> expr . LE expr
    (16) expr -> expr . GT expr
    (17) expr -> expr . GE expr
    (18) expr -> expr . EQ expr
    (19) expr -> expr . NEQ expr

    )               shift and go to state 51
    PLUS            shift and go to state 10
    MINUS           shift and go to state 11
    TIMES           shift and go to state 12
    DIVIDE          shift and go to state 13
    MOD             shift and go to state 14
    LT              shift and go to state 15
    LE              shift and go to state 16
    GT              shift and go to state 17
    GE              shift and go to state 18
    EQ              shift and go to state 19
    NEQ             shift and go to state 20


state 49

    (3) expr -> IF ( expr ) THEN expr . ELSE expr
    (9) expr -> expr . PLUS expr
    (10) expr -> expr . MINUS expr
    (11) expr -> expr . TIMES expr
    (12) expr -> expr . DIVIDE expr
    (13) expr -> expr . MOD expr
    (14) expr -> expr . LT expr
    (15) expr -> expr . LE expr
    (16) expr -> expr . GT expr
    (17) expr -> expr . GE expr
    (18) expr -> expr . EQ expr
    (19) expr -> expr . NEQ expr

    ELSE            shift and go to state 52
    PLUS            shift and go to state 10
    MINUS           shift and go to state 11
    TIMES           shift and go to state 12
    DIVIDE          shift and go to state 13
    MOD             shift and go to state 14
    LT              shift and go to state 15
    LE              shift and go to state 16
    GT              shift and go to state 17
    GE              shift and go to state 18
    EQ              shift and go to state 19
    NEQ             shift and go to state 20


state 50

    (6) expr -> REC ID . LAMBDA ( ID . . expr ) expr
    (8) expr -> REC ID . LAMBDA ( ID . . expr )

    .               shift and go to state 53


state 51

    (7) expr -> LAMBDA ( ID . expr ) .

    PLUS            reduce using rule 7 (expr -> LAMBDA ( ID . expr ) .)
    MINUS           reduce using rule 7 (expr -> LAMBDA ( ID . expr ) .)
    TIMES           reduce using rule 7 (expr -> LAMBDA ( ID . expr ) .)
    DIVIDE          reduce using rule 7 (expr -> LAMBDA ( ID . expr ) .)
    MOD             reduce using rule 7 (expr -> LAMBDA ( ID . expr ) .)
    LT              reduce using rule 7 (expr -> LAMBDA ( ID . expr ) .)
    LE              reduce using rule 7 (expr -> LAMBDA ( ID . expr ) .)
    GT              reduce using rule 7 (expr -> LAMBDA ( ID . expr ) .)
    GE              reduce using rule 7 (expr -> LAMBDA ( ID . expr ) .)
    EQ              reduce using rule 7 (expr -> LAMBDA ( ID . expr ) .)
    NEQ             reduce using rule 7 (expr -> LAMBDA ( ID . expr ) .)
    $end            reduce using rule 7 (expr -> LAMBDA ( ID . expr ) .)
    )               reduce using rule 7 (expr -> LAMBDA ( ID . expr ) .)
    ELSE            reduce using rule 7 (expr -> LAMBDA ( ID . expr ) .)


state 52

    (3) expr -> IF ( expr ) THEN expr ELSE . expr
    (1) expr -> . ID
    (2) expr -> . NAT
    (3) expr -> . IF ( expr ) THEN expr ELSE expr
    (4) expr -> . ( expr )
    (5) expr -> . ( expr ) expr
    (6) expr -> . REC ID . LAMBDA ( ID . expr ) expr
    (7) expr -> . LAMBDA ( ID . expr )
    (8) expr -> . REC ID . LAMBDA ( ID . expr )
    (9) expr -> . expr PLUS expr
    (10) expr -> . expr MINUS expr
    (11) expr -> . expr TIMES expr
    (12) expr -> . expr DIVIDE expr
    (13) expr -> . expr MOD expr
    (14) expr -> . expr LT expr
    (15) expr -> . expr LE expr
    (16) expr -> . expr GT expr
    (17) expr -> . expr GE expr
    (18) expr -> . expr EQ expr
    (19) expr -> . expr NEQ expr
    (20) expr -> . MINUS expr
    (21) expr -> . PLUS expr

    ID              shift and go to state 2
    NAT             shift and go to state 3
    IF              shift and go to state 4
    (               shift and go to state 5
    REC             shift and go to state 6
    LAMBDA          shift and go to state 7
    MINUS           shift and go to state 9
    PLUS            shift and go to state 8

    expr                           shift and go to state 54

state 53

    (6) expr -> REC ID . LAMBDA ( ID . . expr ) expr
    (8) expr -> REC ID . LAMBDA ( ID . . expr )
    (1) expr -> . ID
    (2) expr -> . NAT
    (3) expr -> . IF ( expr ) THEN expr ELSE expr
    (4) expr -> . ( expr )
    (5) expr -> . ( expr ) expr
    (6) expr -> . REC ID . LAMBDA ( ID . expr ) expr
    (7) expr -> . LAMBDA ( ID . expr )
    (8) expr -> . REC ID . LAMBDA ( ID . expr )
    (9) expr -> . expr PLUS expr
    (10) expr -> . expr MINUS expr
    (11) expr -> . expr TIMES expr
    (12) expr -> . expr DIVIDE expr
    (13) expr -> . expr MOD expr
    (14) expr -> . expr LT expr
    (15) expr -> . expr LE expr
    (16) expr -> . expr GT expr
    (17) expr -> . expr GE expr
    (18) expr -> . expr EQ expr
    (19) expr -> . expr NEQ expr
    (20) expr -> . MINUS expr
    (21) expr -> . PLUS expr

    ID              shift and go to state 2
    NAT             shift and go to state 3
    IF              shift and go to state 4
    (               shift and go to state 5
    REC             shift and go to state 6
    LAMBDA          shift and go to state 7
    MINUS           shift and go to state 9
    PLUS            shift and go to state 8

    expr                           shift and go to state 55

state 54

    (3) expr -> IF ( expr ) THEN expr ELSE expr .
    (9) expr -> expr . PLUS expr
    (10) expr -> expr . MINUS expr
    (11) expr -> expr . TIMES expr
    (12) expr -> expr . DIVIDE expr
    (13) expr -> expr . MOD expr
    (14) expr -> expr . LT expr
    (15) expr -> expr . LE expr
    (16) expr -> expr . GT expr
    (17) expr -> expr . GE expr
    (18) expr -> expr . EQ expr
    (19) expr -> expr . NEQ expr

    PLUS            reduce using rule 3 (expr -> IF ( expr ) THEN expr ELSE expr .)
    MINUS           reduce using rule 3 (expr -> IF ( expr ) THEN expr ELSE expr .)
    TIMES           reduce using rule 3 (expr -> IF ( expr ) THEN expr ELSE expr .)
    DIVIDE          reduce using rule 3 (expr -> IF ( expr ) THEN expr ELSE expr .)
    MOD             reduce using rule 3 (expr -> IF ( expr ) THEN expr ELSE expr .)
    LT              reduce using rule 3 (expr -> IF ( expr ) THEN expr ELSE expr .)
    LE              reduce using rule 3 (expr -> IF ( expr ) THEN expr ELSE expr .)
    GT              reduce using rule 3 (expr -> IF ( expr ) THEN expr ELSE expr .)
    GE              reduce using rule 3 (expr -> IF ( expr ) THEN expr ELSE expr .)
    EQ              reduce using rule 3 (expr -> IF ( expr ) THEN expr ELSE expr .)
    NEQ             reduce using rule 3 (expr -> IF ( expr ) THEN expr ELSE expr .)
    $end            reduce using rule 3 (expr -> IF ( expr ) THEN expr ELSE expr .)
    )               reduce using rule 3 (expr -> IF ( expr ) THEN expr ELSE expr .)
    ELSE            reduce using rule 3 (expr -> IF ( expr ) THEN expr ELSE expr .)

  ! PLUS            [ shift and go to state 10 ]
  ! MINUS           [ shift and go to state 11 ]
  ! TIMES           [ shift and go to state 12 ]
  ! DIVIDE          [ shift and go to state 13 ]
  ! MOD             [ shift and go to state 14 ]
  ! LT              [ shift and go to state 15 ]
  ! LE              [ shift and go to state 16 ]
  ! GT              [ shift and go to state 17 ]
  ! GE              [ shift and go to state 18 ]
  ! EQ              [ shift and go to state 19 ]
  ! NEQ             [ shift and go to state 20 ]


state 55

    (6) expr -> REC ID . LAMBDA ( ID . expr . ) expr
    (8) expr -> REC ID . LAMBDA ( ID . expr . )
    (9) expr -> expr . PLUS expr
    (10) expr -> expr . MINUS expr
    (11) expr -> expr . TIMES expr
    (12) expr -> expr . DIVIDE expr
    (13) expr -> expr . MOD expr
    (14) expr -> expr . LT expr
    (15) expr -> expr . LE expr
    (16) expr -> expr . GT expr
    (17) expr -> expr . GE expr
    (18) expr -> expr . EQ expr
    (19) expr -> expr . NEQ expr

    )               shift and go to state 56
    PLUS            shift and go to state 10
    MINUS           shift and go to state 11
    TIMES           shift and go to state 12
    DIVIDE          shift and go to state 13
    MOD             shift and go to state 14
    LT              shift and go to state 15
    LE              shift and go to state 16
    GT              shift and go to state 17
    GE              shift and go to state 18
    EQ              shift and go to state 19
    NEQ             shift and go to state 20


state 56

    (6) expr -> REC ID . LAMBDA ( ID . expr ) . expr
    (8) expr -> REC ID . LAMBDA ( ID . expr ) .
    (1) expr -> . ID
    (2) expr -> . NAT
    (3) expr -> . IF ( expr ) THEN expr ELSE expr
    (4) expr -> . ( expr )
    (5) expr -> . ( expr ) expr
    (6) expr -> . REC ID . LAMBDA ( ID . expr ) expr
    (7) expr -> . LAMBDA ( ID . expr )
    (8) expr -> . REC ID . LAMBDA ( ID . expr )
    (9) expr -> . expr PLUS expr
    (10) expr -> . expr MINUS expr
    (11) expr -> . expr TIMES expr
    (12) expr -> . expr DIVIDE expr
    (13) expr -> . expr MOD expr
    (14) expr -> . expr LT expr
    (15) expr -> . expr LE expr
    (16) expr -> . expr GT expr
    (17) expr -> . expr GE expr
    (18) expr -> . expr EQ expr
    (19) expr -> . expr NEQ expr
    (20) expr -> . MINUS expr
    (21) expr -> . PLUS expr

    PLUS            reduce using rule 8 (expr -> REC ID . LAMBDA ( ID . expr ) .)
    MINUS           reduce using rule 8 (expr -> REC ID . LAMBDA ( ID . expr ) .)
    TIMES           reduce using rule 8 (expr -> REC ID . LAMBDA ( ID . expr ) .)
    DIVIDE          reduce using rule 8 (expr -> REC ID . LAMBDA ( ID . expr ) .)
    MOD             reduce using rule 8 (expr -> REC ID . LAMBDA ( ID . expr ) .)
    LT              reduce using rule 8 (expr -> REC ID . LAMBDA ( ID . expr ) .)
    LE              reduce using rule 8 (expr -> REC ID . LAMBDA ( ID . expr ) .)
    GT              reduce using rule 8 (expr -> REC ID . LAMBDA ( ID . expr ) .)
    GE              reduce using rule 8 (expr -> REC ID . LAMBDA ( ID . expr ) .)
    EQ              reduce using rule 8 (expr -> REC ID . LAMBDA ( ID . expr ) .)
    NEQ             reduce using rule 8 (expr -> REC ID . LAMBDA ( ID . expr ) .)
    $end            reduce using rule 8 (expr -> REC ID . LAMBDA ( ID . expr ) .)
    )               reduce using rule 8 (expr -> REC ID . LAMBDA ( ID . expr ) .)
    ELSE            reduce using rule 8 (expr -> REC ID . LAMBDA ( ID . expr ) .)
    ID              shift and go to state 2
    NAT             shift and go to state 3
    IF              shift and go to state 4
    (               shift and go to state 5
    REC             shift and go to state 6
    LAMBDA          shift and go to state 7

  ! MINUS           [ shift and go to state 9 ]
  ! PLUS            [ shift and go to state 8 ]

    expr                           shift and go to state 57

state 57

    (6) expr -> REC ID . LAMBDA ( ID . expr ) expr .
    (9) expr -> expr . PLUS expr
    (10) expr -> expr . MINUS expr
    (11) expr -> expr . TIMES expr
    (12) expr -> expr . DIVIDE expr
    (13) expr -> expr . MOD expr
    (14) expr -> expr . LT expr
    (15) expr -> expr . LE expr
    (16) expr -> expr . GT expr
    (17) expr -> expr . GE expr
    (18) expr -> expr . EQ expr
    (19) expr -> expr . NEQ expr

    PLUS            reduce using rule 6 (expr -> REC ID . LAMBDA ( ID . expr ) expr .)
    MINUS           reduce using rule 6 (expr -> REC ID . LAMBDA ( ID . expr ) expr .)
    TIMES           reduce using rule 6 (expr -> REC ID . LAMBDA ( ID . expr ) expr .)
    DIVIDE          reduce using rule 6 (expr -> REC ID . LAMBDA ( ID . expr ) expr .)
    MOD             reduce using rule 6 (expr -> REC ID . LAMBDA ( ID . expr ) expr .)
    LT              reduce using rule 6 (expr -> REC ID . LAMBDA ( ID . expr ) expr .)
    LE              reduce using rule 6 (expr -> REC ID . LAMBDA ( ID . expr ) expr .)
    GT              reduce using rule 6 (expr -> REC ID . LAMBDA ( ID . expr ) expr .)
    GE              reduce using rule 6 (expr -> REC ID . LAMBDA ( ID . expr ) expr .)
    EQ              reduce using rule 6 (expr -> REC ID . LAMBDA ( ID . expr ) expr .)
    NEQ             reduce using rule 6 (expr -> REC ID . LAMBDA ( ID . expr ) expr .)
    $end            reduce using rule 6 (expr -> REC ID . LAMBDA ( ID . expr ) expr .)
    )               reduce using rule 6 (expr -> REC ID . LAMBDA ( ID . expr ) expr .)
    ELSE            reduce using rule 6 (expr -> REC ID . LAMBDA ( ID . expr ) expr .)

  ! PLUS            [ shift and go to state 10 ]
  ! MINUS           [ shift and go to state 11 ]
  ! TIMES           [ shift and go to state 12 ]
  ! DIVIDE          [ shift and go to state 13 ]
  ! MOD             [ shift and go to state 14 ]
  ! LT              [ shift and go to state 15 ]
  ! LE              [ shift and go to state 16 ]
  ! GT              [ shift and go to state 17 ]
  ! GE              [ shift and go to state 18 ]
  ! EQ              [ shift and go to state 19 ]
  ! NEQ             [ shift and go to state 20 ]

